0 info it worked if it ends with ok
1 verbose cli [ 'C:\\Program Files\\nodejs\\node.exe',
1 verbose cli   'C:\\Program Files\\nodejs\\node_modules\\npm\\bin\\npm-cli.js',
1 verbose cli   'install',
1 verbose cli   'node' ]
2 info using npm@3.10.10
3 info using node@v6.11.5
4 silly loadCurrentTree Starting
5 silly install loadCurrentTree
6 silly install readLocalPackageData
7 silly fetchPackageMetaData node
8 silly fetchNamedPackageData node
9 silly mapToRegistry name node
10 silly mapToRegistry using default registry
11 silly mapToRegistry registry https://registry.npmjs.org/
12 silly mapToRegistry data Result {
12 silly mapToRegistry   raw: 'node',
12 silly mapToRegistry   scope: null,
12 silly mapToRegistry   escapedName: 'node',
12 silly mapToRegistry   name: 'node',
12 silly mapToRegistry   rawSpec: '',
12 silly mapToRegistry   spec: 'latest',
12 silly mapToRegistry   type: 'tag' }
13 silly mapToRegistry uri https://registry.npmjs.org/node
14 verbose request uri https://registry.npmjs.org/node
15 verbose request no auth needed
16 info attempt registry request try #1 at 17:27:00
17 verbose request id f298f7ed764a5cce
18 http request GET https://registry.npmjs.org/node
19 http 200 https://registry.npmjs.org/node
20 verbose headers { date: 'Mon, 29 Oct 2018 19:27:01 GMT',
20 verbose headers   'content-type': 'application/json',
20 verbose headers   'transfer-encoding': 'chunked',
20 verbose headers   connection: 'keep-alive',
20 verbose headers   'set-cookie': [ '__cfduid=d8a78bef2a4348668e95accf3a4ee364e1540841221; expires=Tue, 29-Oct-19 19:27:01 GMT; path=/; domain=.registry.npmjs.org; HttpOnly' ],
20 verbose headers   'cf-cache-status': 'REVALIDATED',
20 verbose headers   'cache-control': 'max-age=300',
20 verbose headers   'cf-ray': '4718097f9ab54b99-GRU',
20 verbose headers   etag: 'W/"8a74525c4d8728142dc1c2a1f5947b86"',
20 verbose headers   'expect-ct': 'max-age=604800, report-uri="https://report-uri.cloudflare.com/cdn-cgi/beacon/expect-ct"',
20 verbose headers   'last-modified': 'Wed, 24 Oct 2018 19:21:29 GMT',
20 verbose headers   vary: 'accept-encoding, accept',
20 verbose headers   'x-amz-meta-rev': '434-3b0cd92eb7b416229b3e96368f77e96a',
20 verbose headers   server: 'cloudflare',
20 verbose headers   'content-encoding': 'gzip' }
21 silly get cb [ 200,
21 silly get   { date: 'Mon, 29 Oct 2018 19:27:01 GMT',
21 silly get     'content-type': 'application/json',
21 silly get     'transfer-encoding': 'chunked',
21 silly get     connection: 'keep-alive',
21 silly get     'set-cookie': [ '__cfduid=d8a78bef2a4348668e95accf3a4ee364e1540841221; expires=Tue, 29-Oct-19 19:27:01 GMT; path=/; domain=.registry.npmjs.org; HttpOnly' ],
21 silly get     'cf-cache-status': 'REVALIDATED',
21 silly get     'cache-control': 'max-age=300',
21 silly get     'cf-ray': '4718097f9ab54b99-GRU',
21 silly get     etag: 'W/"8a74525c4d8728142dc1c2a1f5947b86"',
21 silly get     'expect-ct': 'max-age=604800, report-uri="https://report-uri.cloudflare.com/cdn-cgi/beacon/expect-ct"',
21 silly get     'last-modified': 'Wed, 24 Oct 2018 19:21:29 GMT',
21 silly get     vary: 'accept-encoding, accept',
21 silly get     'x-amz-meta-rev': '434-3b0cd92eb7b416229b3e96368f77e96a',
21 silly get     server: 'cloudflare',
21 silly get     'content-encoding': 'gzip' } ]
22 verbose get saving node to C:\Users\mg\AppData\Roaming\npm-cache\registry.npmjs.org\node\.cache.json
23 verbose correctMkdir C:\Users\mg\AppData\Roaming\npm-cache correctMkdir not in flight; initializing
24 silly install normalizeTree
25 silly loadCurrentTree Finishing
26 silly loadIdealTree Starting
27 silly install loadIdealTree
28 silly cloneCurrentTree Starting
29 silly install cloneCurrentTreeToIdealTree
30 silly cloneCurrentTree Finishing
31 silly loadShrinkwrap Starting
32 silly install loadShrinkwrap
33 silly loadShrinkwrap Finishing
34 silly loadAllDepsIntoIdealTree Starting
35 silly install loadAllDepsIntoIdealTree
36 silly resolveWithNewModule node@11.0.0 checking installable status
37 silly cache add args [ 'node', null ]
38 verbose cache add spec node
39 silly cache add parsed spec Result {
39 silly cache add   raw: 'node',
39 silly cache add   scope: null,
39 silly cache add   escapedName: 'node',
39 silly cache add   name: 'node',
39 silly cache add   rawSpec: '',
39 silly cache add   spec: 'latest',
39 silly cache add   type: 'tag' }
40 silly addNamed node@latest
41 verbose addNamed "latest" is being treated as a dist-tag for node
42 info addNameTag [ 'node', 'latest' ]
43 silly mapToRegistry name node
44 silly mapToRegistry using default registry
45 silly mapToRegistry registry https://registry.npmjs.org/
46 silly mapToRegistry data Result {
46 silly mapToRegistry   raw: 'node',
46 silly mapToRegistry   scope: null,
46 silly mapToRegistry   escapedName: 'node',
46 silly mapToRegistry   name: 'node',
46 silly mapToRegistry   rawSpec: '',
46 silly mapToRegistry   spec: 'latest',
46 silly mapToRegistry   type: 'tag' }
47 silly mapToRegistry uri https://registry.npmjs.org/node
48 verbose addNameTag registry:https://registry.npmjs.org/node not in flight; fetching
49 verbose get https://registry.npmjs.org/node not expired, no request
50 silly addNameTag next cb for node with tag latest
51 silly addNamed node@11.0.0
52 verbose addNamed "11.0.0" is a plain semver version for node
53 silly mapToRegistry name node
54 silly mapToRegistry using default registry
55 silly mapToRegistry registry https://registry.npmjs.org/
56 silly mapToRegistry data Result {
56 silly mapToRegistry   raw: 'node',
56 silly mapToRegistry   scope: null,
56 silly mapToRegistry   escapedName: 'node',
56 silly mapToRegistry   name: 'node',
56 silly mapToRegistry   rawSpec: '',
56 silly mapToRegistry   spec: 'latest',
56 silly mapToRegistry   type: 'tag' }
57 silly mapToRegistry uri https://registry.npmjs.org/node
58 verbose addRemoteTarball https://registry.npmjs.org/node/-/node-11.0.0.tgz not in flight; adding
59 verbose addRemoteTarball [ 'https://registry.npmjs.org/node/-/node-11.0.0.tgz',
59 verbose addRemoteTarball   '20aff1b49ec65717b1603d6d90bbb61e0cfd0b7e' ]
60 info retry fetch attempt 1 at 17:27:01
61 info attempt registry request try #1 at 17:27:01
62 http fetch GET https://registry.npmjs.org/node/-/node-11.0.0.tgz
63 http fetch 200 https://registry.npmjs.org/node/-/node-11.0.0.tgz
64 silly fetchAndShaCheck shasum 20aff1b49ec65717b1603d6d90bbb61e0cfd0b7e
65 verbose addTmpTarball C:\Users\mg\AppData\Local\Temp\npm-14392-71e6c295\registry.npmjs.org\node\-\node-11.0.0.tgz not in flight; adding
66 verbose addTmpTarball already have metadata; skipping unpack for node@11.0.0
67 verbose correctMkdir C:\Users\mg\AppData\Roaming\npm-cache correctMkdir not in flight; initializing
68 silly cache afterAdd node@11.0.0
69 verbose afterAdd C:\Users\mg\AppData\Roaming\npm-cache\node\11.0.0\package\package.json not in flight; writing
70 verbose correctMkdir C:\Users\mg\AppData\Roaming\npm-cache correctMkdir not in flight; initializing
71 verbose afterAdd C:\Users\mg\AppData\Roaming\npm-cache\node\11.0.0\package\package.json written
72 silly fetchNamedPackageData node-bin-setup
73 silly mapToRegistry name node-bin-setup
74 silly mapToRegistry using default registry
75 silly mapToRegistry registry https://registry.npmjs.org/
76 silly mapToRegistry data Result {
76 silly mapToRegistry   raw: 'node-bin-setup',
76 silly mapToRegistry   scope: null,
76 silly mapToRegistry   escapedName: 'node-bin-setup',
76 silly mapToRegistry   name: 'node-bin-setup',
76 silly mapToRegistry   rawSpec: '',
76 silly mapToRegistry   spec: 'latest',
76 silly mapToRegistry   type: 'tag' }
77 silly mapToRegistry uri https://registry.npmjs.org/node-bin-setup
78 verbose request uri https://registry.npmjs.org/node-bin-setup
79 verbose request no auth needed
80 info attempt registry request try #1 at 17:27:02
81 http request GET https://registry.npmjs.org/node-bin-setup
82 http 200 https://registry.npmjs.org/node-bin-setup
83 verbose headers { date: 'Mon, 29 Oct 2018 19:27:03 GMT',
83 verbose headers   'content-type': 'application/json; charset=UTF-8',
83 verbose headers   'transfer-encoding': 'chunked',
83 verbose headers   connection: 'keep-alive',
83 verbose headers   'set-cookie': [ '__cfduid=df8b98864b1a14ecb583deb258bfb33901540841222; expires=Tue, 29-Oct-19 19:27:02 GMT; path=/; domain=.registry.npmjs.org; HttpOnly' ],
83 verbose headers   'cf-cache-status': 'REVALIDATED',
83 verbose headers   'cache-control': 'max-age=300',
83 verbose headers   'cf-ray': '47180987eb9a4b99-GRU',
83 verbose headers   etag: 'W/"696d6ec470fda56a33885508a280edab"',
83 verbose headers   'expect-ct': 'max-age=604800, report-uri="https://report-uri.cloudflare.com/cdn-cgi/beacon/expect-ct"',
83 verbose headers   'last-modified': 'Sun, 27 May 2018 09:55:03 GMT',
83 verbose headers   vary: 'accept-encoding, accept',
83 verbose headers   server: 'cloudflare',
83 verbose headers   'content-encoding': 'gzip' }
84 silly get cb [ 200,
84 silly get   { date: 'Mon, 29 Oct 2018 19:27:03 GMT',
84 silly get     'content-type': 'application/json; charset=UTF-8',
84 silly get     'transfer-encoding': 'chunked',
84 silly get     connection: 'keep-alive',
84 silly get     'set-cookie': [ '__cfduid=df8b98864b1a14ecb583deb258bfb33901540841222; expires=Tue, 29-Oct-19 19:27:02 GMT; path=/; domain=.registry.npmjs.org; HttpOnly' ],
84 silly get     'cf-cache-status': 'REVALIDATED',
84 silly get     'cache-control': 'max-age=300',
84 silly get     'cf-ray': '47180987eb9a4b99-GRU',
84 silly get     etag: 'W/"696d6ec470fda56a33885508a280edab"',
84 silly get     'expect-ct': 'max-age=604800, report-uri="https://report-uri.cloudflare.com/cdn-cgi/beacon/expect-ct"',
84 silly get     'last-modified': 'Sun, 27 May 2018 09:55:03 GMT',
84 silly get     vary: 'accept-encoding, accept',
84 silly get     server: 'cloudflare',
84 silly get     'content-encoding': 'gzip' } ]
85 verbose get saving node-bin-setup to C:\Users\mg\AppData\Roaming\npm-cache\registry.npmjs.org\node-bin-setup\.cache.json
86 verbose correctMkdir C:\Users\mg\AppData\Roaming\npm-cache correctMkdir not in flight; initializing
87 silly resolveWithNewModule node-bin-setup@1.0.6 checking installable status
88 silly cache add args [ 'node-bin-setup@^1.0.0', null ]
89 verbose cache add spec node-bin-setup@^1.0.0
90 silly cache add parsed spec Result {
90 silly cache add   raw: 'node-bin-setup@^1.0.0',
90 silly cache add   scope: null,
90 silly cache add   escapedName: 'node-bin-setup',
90 silly cache add   name: 'node-bin-setup',
90 silly cache add   rawSpec: '^1.0.0',
90 silly cache add   spec: '>=1.0.0 <2.0.0',
90 silly cache add   type: 'range' }
91 silly addNamed node-bin-setup@>=1.0.0 <2.0.0
92 verbose addNamed ">=1.0.0 <2.0.0" is a valid semver range for node-bin-setup
93 silly addNameRange { name: 'node-bin-setup',
93 silly addNameRange   range: '>=1.0.0 <2.0.0',
93 silly addNameRange   hasData: false }
94 silly mapToRegistry name node-bin-setup
95 silly mapToRegistry using default registry
96 silly mapToRegistry registry https://registry.npmjs.org/
97 silly mapToRegistry data Result {
97 silly mapToRegistry   raw: 'node-bin-setup',
97 silly mapToRegistry   scope: null,
97 silly mapToRegistry   escapedName: 'node-bin-setup',
97 silly mapToRegistry   name: 'node-bin-setup',
97 silly mapToRegistry   rawSpec: '',
97 silly mapToRegistry   spec: 'latest',
97 silly mapToRegistry   type: 'tag' }
98 silly mapToRegistry uri https://registry.npmjs.org/node-bin-setup
99 verbose addNameRange registry:https://registry.npmjs.org/node-bin-setup not in flight; fetching
100 verbose get https://registry.npmjs.org/node-bin-setup not expired, no request
101 silly addNameRange number 2 { name: 'node-bin-setup',
101 silly addNameRange   range: '>=1.0.0 <2.0.0',
101 silly addNameRange   hasData: true }
102 silly addNameRange versions [ 'node-bin-setup',
102 silly addNameRange   [ '1.0.0', '1.0.1', '1.0.2', '1.0.3', '1.0.4', '1.0.6' ] ]
103 silly addNamed node-bin-setup@1.0.6
104 verbose addNamed "1.0.6" is a plain semver version for node-bin-setup
105 silly mapToRegistry name node-bin-setup
106 silly mapToRegistry using default registry
107 silly mapToRegistry registry https://registry.npmjs.org/
108 silly mapToRegistry data Result {
108 silly mapToRegistry   raw: 'node-bin-setup',
108 silly mapToRegistry   scope: null,
108 silly mapToRegistry   escapedName: 'node-bin-setup',
108 silly mapToRegistry   name: 'node-bin-setup',
108 silly mapToRegistry   rawSpec: '',
108 silly mapToRegistry   spec: 'latest',
108 silly mapToRegistry   type: 'tag' }
109 silly mapToRegistry uri https://registry.npmjs.org/node-bin-setup
110 verbose addRemoteTarball https://registry.npmjs.org/node-bin-setup/-/node-bin-setup-1.0.6.tgz not in flight; adding
111 verbose addRemoteTarball [ 'https://registry.npmjs.org/node-bin-setup/-/node-bin-setup-1.0.6.tgz',
111 verbose addRemoteTarball   '4b5c9bb937ece702d7069b36ca78af4684677528' ]
112 info retry fetch attempt 1 at 17:27:03
113 info attempt registry request try #1 at 17:27:03
114 http fetch GET https://registry.npmjs.org/node-bin-setup/-/node-bin-setup-1.0.6.tgz
115 http fetch 200 https://registry.npmjs.org/node-bin-setup/-/node-bin-setup-1.0.6.tgz
116 silly fetchAndShaCheck shasum 4b5c9bb937ece702d7069b36ca78af4684677528
117 verbose addTmpTarball C:\Users\mg\AppData\Local\Temp\npm-14392-71e6c295\registry.npmjs.org\node-bin-setup\-\node-bin-setup-1.0.6.tgz not in flight; adding
118 verbose addTmpTarball already have metadata; skipping unpack for node-bin-setup@1.0.6
119 verbose correctMkdir C:\Users\mg\AppData\Roaming\npm-cache correctMkdir not in flight; initializing
120 silly cache afterAdd node-bin-setup@1.0.6
121 verbose afterAdd C:\Users\mg\AppData\Roaming\npm-cache\node-bin-setup\1.0.6\package\package.json not in flight; writing
122 verbose correctMkdir C:\Users\mg\AppData\Roaming\npm-cache correctMkdir not in flight; initializing
123 verbose afterAdd C:\Users\mg\AppData\Roaming\npm-cache\node-bin-setup\1.0.6\package\package.json written
124 silly loadAllDepsIntoIdealTree Finishing
125 silly loadIdealTree Finishing
126 silly currentTree selenium_project@1.0.0
126 silly currentTree +-- adm-zip@0.4.11
126 silly currentTree +-- agent-base@4.2.1
126 silly currentTree +-- ajv@5.5.2
126 silly currentTree +-- array-union@1.0.2
126 silly currentTree +-- array-uniq@1.0.3
126 silly currentTree +-- asn1@0.2.4
126 silly currentTree +-- assert-plus@1.0.0
126 silly currentTree +-- asynckit@0.4.0
126 silly currentTree +-- aws-sign2@0.7.0
126 silly currentTree +-- aws4@1.8.0
126 silly currentTree +-- balanced-match@1.0.0
126 silly currentTree +-- bcrypt-pbkdf@1.0.2
126 silly currentTree +-- bluebird@3.4.6
126 silly currentTree +-- brace-expansion@1.1.11
126 silly currentTree +-- buffer-from@1.1.1
126 silly currentTree +-- capture-stack-trace@1.0.1
126 silly currentTree +-- caseless@0.12.0
126 silly currentTree +-- chownr@1.1.1
126 silly currentTree +-- chromedriver@2.43.1
126 silly currentTree +-- co@4.6.0
126 silly currentTree +-- combined-stream@1.0.7
126 silly currentTree +-- concat-map@0.0.1
126 silly currentTree +-- concat-stream@1.6.2
126 silly currentTree | +-- process-nextick-args@2.0.0
126 silly currentTree | +-- readable-stream@2.3.6
126 silly currentTree | `-- string_decoder@1.1.1
126 silly currentTree +-- core-js@2.3.0
126 silly currentTree +-- core-util-is@1.0.2
126 silly currentTree +-- create-error-class@3.0.2
126 silly currentTree +-- dashdash@1.14.1
126 silly currentTree +-- debug@2.6.9
126 silly currentTree +-- deep-is@0.1.3
126 silly currentTree +-- del@3.0.0
126 silly currentTree +-- delayed-stream@1.0.0
126 silly currentTree +-- duplexer2@0.1.4
126 silly currentTree +-- ecc-jsbn@0.1.2
126 silly currentTree +-- error-ex@1.3.2
126 silly currentTree +-- es6-promise@3.0.2
126 silly currentTree +-- es6-promisify@5.0.0
126 silly currentTree | `-- es6-promise@4.2.5
126 silly currentTree +-- extend@3.0.2
126 silly currentTree +-- extract-zip@1.6.7
126 silly currentTree +-- extsprintf@1.3.0
126 silly currentTree +-- fast-deep-equal@1.1.0
126 silly currentTree +-- fast-json-stable-stringify@2.0.0
126 silly currentTree +-- fd-slicer@1.0.1
126 silly currentTree +-- forever-agent@0.6.1
126 silly currentTree +-- form-data@2.3.3
126 silly currentTree +-- fs.realpath@1.0.0
126 silly currentTree +-- geckodriver@1.12.2
126 silly currentTree +-- getpass@0.1.7
126 silly currentTree +-- glob@7.1.3
126 silly currentTree +-- globby@6.1.0
126 silly currentTree | `-- pify@2.3.0
126 silly currentTree +-- got@5.6.0
126 silly currentTree +-- har-schema@2.0.0
126 silly currentTree +-- har-validator@5.1.0
126 silly currentTree +-- http-signature@1.2.0
126 silly currentTree +-- https-proxy-agent@2.2.1
126 silly currentTree | +-- debug@3.2.6
126 silly currentTree | `-- ms@2.1.1
126 silly currentTree +-- immediate@3.0.6
126 silly currentTree +-- inflight@1.0.6
126 silly currentTree +-- inherits@2.0.3
126 silly currentTree +-- ip-regex@2.1.0
126 silly currentTree +-- is-arrayish@0.2.1
126 silly currentTree +-- is-path-cwd@1.0.0
126 silly currentTree +-- is-path-in-cwd@1.0.1
126 silly currentTree +-- is-path-inside@1.0.1
126 silly currentTree +-- is-plain-obj@1.1.0
126 silly currentTree +-- is-redirect@1.0.0
126 silly currentTree +-- is-retry-allowed@1.1.0
126 silly currentTree +-- is-stream@1.1.0
126 silly currentTree +-- is-typedarray@1.0.0
126 silly currentTree +-- is-url@1.2.4
126 silly currentTree +-- is2@2.0.1
126 silly currentTree +-- isarray@1.0.0
126 silly currentTree +-- isstream@0.1.2
126 silly currentTree +-- jsbn@0.1.1
126 silly currentTree +-- json-schema-traverse@0.3.1
126 silly currentTree +-- json-schema@0.2.3
126 silly currentTree +-- json-stringify-safe@5.0.1
126 silly currentTree +-- jsprim@1.4.1
126 silly currentTree +-- jszip@3.1.5
126 silly currentTree +-- kew@0.7.0
126 silly currentTree +-- lie@3.1.1
126 silly currentTree +-- lowercase-keys@1.0.1
126 silly currentTree +-- mime-db@1.37.0
126 silly currentTree +-- mime-types@2.1.21
126 silly currentTree +-- minimatch@3.0.4
126 silly currentTree +-- minimist@0.0.8
126 silly currentTree +-- minipass@2.3.5
126 silly currentTree +-- minizlib@1.1.1
126 silly currentTree +-- mkdirp@0.5.1
126 silly currentTree +-- ms@2.0.0
126 silly currentTree +-- node-status-codes@1.0.0
126 silly currentTree +-- oauth-sign@0.9.0
126 silly currentTree +-- object-assign@4.1.1
126 silly currentTree +-- once@1.4.0
126 silly currentTree +-- os-tmpdir@1.0.2
126 silly currentTree +-- p-map@1.2.0
126 silly currentTree +-- pako@1.0.6
126 silly currentTree +-- parse-json@2.2.0
126 silly currentTree +-- path-is-absolute@1.0.1
126 silly currentTree +-- path-is-inside@1.0.2
126 silly currentTree +-- pend@1.2.0
126 silly currentTree +-- performance-now@2.1.0
126 silly currentTree +-- pify@3.0.0
126 silly currentTree +-- pinkie-promise@2.0.1
126 silly currentTree +-- pinkie@2.0.4
126 silly currentTree +-- prepend-http@1.0.4
126 silly currentTree +-- process-nextick-args@1.0.7
126 silly currentTree +-- psl@1.1.29
126 silly currentTree +-- punycode@1.4.1
126 silly currentTree +-- qs@6.5.2
126 silly currentTree +-- read-all-stream@3.1.0
126 silly currentTree +-- readable-stream@2.0.6
126 silly currentTree +-- request@2.88.0
126 silly currentTree +-- rimraf@2.6.2
126 silly currentTree +-- safe-buffer@5.1.2
126 silly currentTree +-- safer-buffer@2.1.2
126 silly currentTree +-- sax@1.2.4
126 silly currentTree +-- selenium-webdriver@4.0.0-alpha.1
126 silly currentTree +-- sshpk@1.15.1
126 silly currentTree +-- string_decoder@0.10.31
126 silly currentTree +-- tar@4.0.2
126 silly currentTree +-- tcp-port-used@1.0.1
126 silly currentTree | +-- debug@4.1.0
126 silly currentTree | `-- ms@2.1.1
126 silly currentTree +-- timed-out@2.0.0
126 silly currentTree +-- tmp@0.0.30
126 silly currentTree +-- tough-cookie@2.4.3
126 silly currentTree +-- tunnel-agent@0.6.0
126 silly currentTree +-- tweetnacl@0.14.5
126 silly currentTree +-- typedarray@0.0.6
126 silly currentTree +-- unzip-response@1.0.2
126 silly currentTree +-- url-parse-lax@1.0.0
126 silly currentTree +-- util-deprecate@1.0.2
126 silly currentTree +-- uuid@3.3.2
126 silly currentTree +-- verror@1.10.0
126 silly currentTree +-- wrappy@1.0.2
126 silly currentTree +-- xml2js@0.4.19
126 silly currentTree +-- xmlbuilder@9.0.7
126 silly currentTree +-- yallist@3.0.2
126 silly currentTree `-- yauzl@2.4.1
127 silly idealTree selenium_project@1.0.0
127 silly idealTree +-- adm-zip@0.4.11
127 silly idealTree +-- agent-base@4.2.1
127 silly idealTree +-- ajv@5.5.2
127 silly idealTree +-- array-union@1.0.2
127 silly idealTree +-- array-uniq@1.0.3
127 silly idealTree +-- asn1@0.2.4
127 silly idealTree +-- assert-plus@1.0.0
127 silly idealTree +-- asynckit@0.4.0
127 silly idealTree +-- aws-sign2@0.7.0
127 silly idealTree +-- aws4@1.8.0
127 silly idealTree +-- balanced-match@1.0.0
127 silly idealTree +-- bcrypt-pbkdf@1.0.2
127 silly idealTree +-- bluebird@3.4.6
127 silly idealTree +-- brace-expansion@1.1.11
127 silly idealTree +-- buffer-from@1.1.1
127 silly idealTree +-- capture-stack-trace@1.0.1
127 silly idealTree +-- caseless@0.12.0
127 silly idealTree +-- chownr@1.1.1
127 silly idealTree +-- chromedriver@2.43.1
127 silly idealTree +-- co@4.6.0
127 silly idealTree +-- combined-stream@1.0.7
127 silly idealTree +-- concat-map@0.0.1
127 silly idealTree +-- concat-stream@1.6.2
127 silly idealTree | +-- process-nextick-args@2.0.0
127 silly idealTree | +-- readable-stream@2.3.6
127 silly idealTree | `-- string_decoder@1.1.1
127 silly idealTree +-- core-js@2.3.0
127 silly idealTree +-- core-util-is@1.0.2
127 silly idealTree +-- create-error-class@3.0.2
127 silly idealTree +-- dashdash@1.14.1
127 silly idealTree +-- debug@2.6.9
127 silly idealTree +-- deep-is@0.1.3
127 silly idealTree +-- del@3.0.0
127 silly idealTree +-- delayed-stream@1.0.0
127 silly idealTree +-- duplexer2@0.1.4
127 silly idealTree +-- ecc-jsbn@0.1.2
127 silly idealTree +-- error-ex@1.3.2
127 silly idealTree +-- es6-promise@3.0.2
127 silly idealTree +-- es6-promisify@5.0.0
127 silly idealTree | `-- es6-promise@4.2.5
127 silly idealTree +-- extend@3.0.2
127 silly idealTree +-- extract-zip@1.6.7
127 silly idealTree +-- extsprintf@1.3.0
127 silly idealTree +-- fast-deep-equal@1.1.0
127 silly idealTree +-- fast-json-stable-stringify@2.0.0
127 silly idealTree +-- fd-slicer@1.0.1
127 silly idealTree +-- forever-agent@0.6.1
127 silly idealTree +-- form-data@2.3.3
127 silly idealTree +-- fs.realpath@1.0.0
127 silly idealTree +-- geckodriver@1.12.2
127 silly idealTree +-- getpass@0.1.7
127 silly idealTree +-- glob@7.1.3
127 silly idealTree +-- globby@6.1.0
127 silly idealTree | `-- pify@2.3.0
127 silly idealTree +-- got@5.6.0
127 silly idealTree +-- har-schema@2.0.0
127 silly idealTree +-- har-validator@5.1.0
127 silly idealTree +-- http-signature@1.2.0
127 silly idealTree +-- https-proxy-agent@2.2.1
127 silly idealTree | +-- debug@3.2.6
127 silly idealTree | `-- ms@2.1.1
127 silly idealTree +-- immediate@3.0.6
127 silly idealTree +-- inflight@1.0.6
127 silly idealTree +-- inherits@2.0.3
127 silly idealTree +-- ip-regex@2.1.0
127 silly idealTree +-- is-arrayish@0.2.1
127 silly idealTree +-- is-path-cwd@1.0.0
127 silly idealTree +-- is-path-in-cwd@1.0.1
127 silly idealTree +-- is-path-inside@1.0.1
127 silly idealTree +-- is-plain-obj@1.1.0
127 silly idealTree +-- is-redirect@1.0.0
127 silly idealTree +-- is-retry-allowed@1.1.0
127 silly idealTree +-- is-stream@1.1.0
127 silly idealTree +-- is-typedarray@1.0.0
127 silly idealTree +-- is-url@1.2.4
127 silly idealTree +-- is2@2.0.1
127 silly idealTree +-- isarray@1.0.0
127 silly idealTree +-- isstream@0.1.2
127 silly idealTree +-- jsbn@0.1.1
127 silly idealTree +-- json-schema-traverse@0.3.1
127 silly idealTree +-- json-schema@0.2.3
127 silly idealTree +-- json-stringify-safe@5.0.1
127 silly idealTree +-- jsprim@1.4.1
127 silly idealTree +-- jszip@3.1.5
127 silly idealTree +-- kew@0.7.0
127 silly idealTree +-- lie@3.1.1
127 silly idealTree +-- lowercase-keys@1.0.1
127 silly idealTree +-- mime-db@1.37.0
127 silly idealTree +-- mime-types@2.1.21
127 silly idealTree +-- minimatch@3.0.4
127 silly idealTree +-- minimist@0.0.8
127 silly idealTree +-- minipass@2.3.5
127 silly idealTree +-- minizlib@1.1.1
127 silly idealTree +-- mkdirp@0.5.1
127 silly idealTree +-- ms@2.0.0
127 silly idealTree +-- node-bin-setup@1.0.6
127 silly idealTree +-- node-status-codes@1.0.0
127 silly idealTree +-- node@11.0.0
127 silly idealTree +-- oauth-sign@0.9.0
127 silly idealTree +-- object-assign@4.1.1
127 silly idealTree +-- once@1.4.0
127 silly idealTree +-- os-tmpdir@1.0.2
127 silly idealTree +-- p-map@1.2.0
127 silly idealTree +-- pako@1.0.6
127 silly idealTree +-- parse-json@2.2.0
127 silly idealTree +-- path-is-absolute@1.0.1
127 silly idealTree +-- path-is-inside@1.0.2
127 silly idealTree +-- pend@1.2.0
127 silly idealTree +-- performance-now@2.1.0
127 silly idealTree +-- pify@3.0.0
127 silly idealTree +-- pinkie-promise@2.0.1
127 silly idealTree +-- pinkie@2.0.4
127 silly idealTree +-- prepend-http@1.0.4
127 silly idealTree +-- process-nextick-args@1.0.7
127 silly idealTree +-- psl@1.1.29
127 silly idealTree +-- punycode@1.4.1
127 silly idealTree +-- qs@6.5.2
127 silly idealTree +-- read-all-stream@3.1.0
127 silly idealTree +-- readable-stream@2.0.6
127 silly idealTree +-- request@2.88.0
127 silly idealTree +-- rimraf@2.6.2
127 silly idealTree +-- safe-buffer@5.1.2
127 silly idealTree +-- safer-buffer@2.1.2
127 silly idealTree +-- sax@1.2.4
127 silly idealTree +-- selenium-webdriver@4.0.0-alpha.1
127 silly idealTree +-- sshpk@1.15.1
127 silly idealTree +-- string_decoder@0.10.31
127 silly idealTree +-- tar@4.0.2
127 silly idealTree +-- tcp-port-used@1.0.1
127 silly idealTree | +-- debug@4.1.0
127 silly idealTree | `-- ms@2.1.1
127 silly idealTree +-- timed-out@2.0.0
127 silly idealTree +-- tmp@0.0.30
127 silly idealTree +-- tough-cookie@2.4.3
127 silly idealTree +-- tunnel-agent@0.6.0
127 silly idealTree +-- tweetnacl@0.14.5
127 silly idealTree +-- typedarray@0.0.6
127 silly idealTree +-- unzip-response@1.0.2
127 silly idealTree +-- url-parse-lax@1.0.0
127 silly idealTree +-- util-deprecate@1.0.2
127 silly idealTree +-- uuid@3.3.2
127 silly idealTree +-- verror@1.10.0
127 silly idealTree +-- wrappy@1.0.2
127 silly idealTree +-- xml2js@0.4.19
127 silly idealTree +-- xmlbuilder@9.0.7
127 silly idealTree +-- yallist@3.0.2
127 silly idealTree `-- yauzl@2.4.1
128 silly generateActionsToTake Starting
129 silly install generateActionsToTake
130 silly generateActionsToTake Finishing
131 silly diffTrees action count 2
132 silly diffTrees add node-bin-setup@1.0.6
133 silly diffTrees add node@11.0.0
134 silly decomposeActions action count 16
135 silly decomposeActions fetch node-bin-setup@1.0.6
136 silly decomposeActions extract node-bin-setup@1.0.6
137 silly decomposeActions test node-bin-setup@1.0.6
138 silly decomposeActions preinstall node-bin-setup@1.0.6
139 silly decomposeActions build node-bin-setup@1.0.6
140 silly decomposeActions install node-bin-setup@1.0.6
141 silly decomposeActions postinstall node-bin-setup@1.0.6
142 silly decomposeActions finalize node-bin-setup@1.0.6
143 silly decomposeActions fetch node@11.0.0
144 silly decomposeActions extract node@11.0.0
145 silly decomposeActions test node@11.0.0
146 silly decomposeActions preinstall node@11.0.0
147 silly decomposeActions build node@11.0.0
148 silly decomposeActions install node@11.0.0
149 silly decomposeActions postinstall node@11.0.0
150 silly decomposeActions finalize node@11.0.0
151 silly runTopLevelLifecycles Starting
152 silly executeActions Starting
153 silly install executeActions
154 silly doSerial global-install 0
155 silly doParallel fetch 2
156 verbose correctMkdir C:\Users\mg\AppData\Roaming\npm-cache\_locks correctMkdir not in flight; initializing
157 verbose lock using C:\Users\mg\AppData\Roaming\npm-cache\_locks\staging-2f018ba12a65404b.lock for C:\Users\mg\selenium_project\node_modules\.staging
158 silly doParallel extract 2
159 silly extract node-bin-setup@1.0.6
160 silly extract node@11.0.0
161 verbose unbuild node_modules\.staging\node-bin-setup-4d56f165
162 verbose unbuild node_modules\.staging\node-6ed453ea
163 silly gentlyRm C:\Users\mg\selenium_project\node_modules\.staging\node-bin-setup-4d56f165 is being purged from base C:\Users\mg\selenium_project
164 verbose gentlyRm don't care about contents; nuking C:\Users\mg\selenium_project\node_modules\.staging\node-bin-setup-4d56f165
165 silly gentlyRm C:\Users\mg\selenium_project\node_modules\.staging\node-6ed453ea is being purged from base C:\Users\mg\selenium_project
166 verbose gentlyRm don't care about contents; nuking C:\Users\mg\selenium_project\node_modules\.staging\node-6ed453ea
167 verbose tar unpack C:\Users\mg\AppData\Roaming\npm-cache\node-bin-setup\1.0.6\package.tgz
168 verbose tar unpacking to C:\Users\mg\selenium_project\node_modules\.staging\node-bin-setup-4d56f165
169 silly gentlyRm C:\Users\mg\selenium_project\node_modules\.staging\node-bin-setup-4d56f165 is being purged
170 verbose gentlyRm don't care about contents; nuking C:\Users\mg\selenium_project\node_modules\.staging\node-bin-setup-4d56f165
171 verbose tar unpack C:\Users\mg\AppData\Roaming\npm-cache\node\11.0.0\package.tgz
172 verbose tar unpacking to C:\Users\mg\selenium_project\node_modules\.staging\node-6ed453ea
173 silly gentlyRm C:\Users\mg\selenium_project\node_modules\.staging\node-6ed453ea is being purged
174 verbose gentlyRm don't care about contents; nuking C:\Users\mg\selenium_project\node_modules\.staging\node-6ed453ea
175 silly gunzTarPerm modes [ '777', '666' ]
176 silly gunzTarPerm modes [ '777', '666' ]
177 silly gunzTarPerm extractEntry package.json
178 silly gunzTarPerm modified mode [ 'package.json', 420, 438 ]
179 silly gunzTarPerm extractEntry package.json
180 silly gunzTarPerm modified mode [ 'package.json', 420, 438 ]
181 silly gunzTarPerm extractEntry index.js
182 silly gunzTarPerm modified mode [ 'index.js', 420, 438 ]
183 silly gunzTarPerm extractEntry installArchSpecificPackage.js
184 silly gunzTarPerm modified mode [ 'installArchSpecificPackage.js', 420, 438 ]
185 silly gunzTarPerm extractEntry README.md
186 silly gunzTarPerm modified mode [ 'README.md', 420, 438 ]
187 silly gentlyRm C:\Users\mg\selenium_project\node_modules\.staging\node-bin-setup-4d56f165\node_modules is being purged
188 verbose gentlyRm don't care about contents; nuking C:\Users\mg\selenium_project\node_modules\.staging\node-bin-setup-4d56f165\node_modules
189 silly gentlyRm C:\Users\mg\selenium_project\node_modules\.staging\node-6ed453ea\node_modules is being purged
190 verbose gentlyRm don't care about contents; nuking C:\Users\mg\selenium_project\node_modules\.staging\node-6ed453ea\node_modules
191 silly doParallel preinstall 2
192 silly preinstall node-bin-setup@1.0.6 C:\Users\mg\selenium_project\node_modules\.staging\node-bin-setup-4d56f165
193 info lifecycle node-bin-setup@1.0.6~preinstall: node-bin-setup@1.0.6
194 silly preinstall node@11.0.0 C:\Users\mg\selenium_project\node_modules\.staging\node-6ed453ea
195 info lifecycle node@11.0.0~preinstall: node@11.0.0
196 silly lifecycle node-bin-setup@1.0.6~preinstall: no script for preinstall, continuing
197 verbose lifecycle node@11.0.0~preinstall: unsafe-perm in lifecycle true
198 verbose lifecycle node@11.0.0~preinstall: PATH: C:\Program Files\nodejs\node_modules\npm\bin\node-gyp-bin;C:\Users\mg\selenium_project\node_modules\.staging\node-6ed453ea\node_modules\.bin;C:\Users\mg\selenium_project\node_modules\.bin;C:\Users\mg\bin;C:\Program Files\Git\mingw64\bin;C:\Program Files\Git\usr\local\bin;C:\Program Files\Git\usr\bin;C:\Program Files\Git\usr\bin;C:\Program Files\Git\mingw64\bin;C:\Program Files\Git\usr\bin;C:\Users\mg\bin;C:\Program Files (x86)\Common Files\Oracle\Java\javapath;C:\WINDOWS\system32;C:\WINDOWS;C:\WINDOWS\System32\Wbem;C:\WINDOWS\System32\WindowsPowerShell\v1.0;C:\Program Files\nodejs;C:\Program Files\dotnet;C:\Program Files\Git\cmd;C:\WINDOWS\System32\OpenSSH;C:\Program Files\OpenVPN\bin;C:\Program Files\Google\Google Apps Migration;C:\Program Files (x86)\ATI Technologies\ATI.ACE\Core-Static;C:\Program Files\MongoDB\Server\3.4\bin;C:\Users\mg\AppData\Local\Microsoft\WindowsApps;C:\Users\mg\AppData\Roaming\npm;C:\Program Files\Microsoft VS Code\bin;C:\Users\mg\AppData\Local\atom\bin;C:\Users\mg\AppData\Local\Microsoft\WindowsApps;C:\groovy-2.5.2\bin;C:\sel\chromedriver.exe;C:\sel\geckodriver.exe;C:\Program Files\Git\usr\bin\vendor_perl;C:\Program Files\Git\usr\bin\core_perl
199 verbose lifecycle node@11.0.0~preinstall: CWD: C:\Users\mg\selenium_project\node_modules\.staging\node-6ed453ea
200 silly lifecycle node@11.0.0~preinstall: Args: [ '/d /s /c', 'node installArchSpecificPackage' ]
201 silly lifecycle node@11.0.0~preinstall: Returned: code: 1  signal: null
202 info lifecycle node@11.0.0~preinstall: Failed to exec preinstall script
203 verbose unlock done using C:\Users\mg\AppData\Roaming\npm-cache\_locks\staging-2f018ba12a65404b.lock for C:\Users\mg\selenium_project\node_modules\.staging
204 silly rollbackFailedOptional Starting
205 silly rollbackFailedOptional Finishing
206 silly runTopLevelLifecycles Finishing
207 silly install printInstalled
208 verbose stack Error: node@11.0.0 preinstall: `node installArchSpecificPackage`
208 verbose stack Exit status 1
208 verbose stack     at EventEmitter.<anonymous> (C:\Program Files\nodejs\node_modules\npm\lib\utils\lifecycle.js:255:16)
208 verbose stack     at emitTwo (events.js:106:13)
208 verbose stack     at EventEmitter.emit (events.js:191:7)
208 verbose stack     at ChildProcess.<anonymous> (C:\Program Files\nodejs\node_modules\npm\lib\utils\spawn.js:40:14)
208 verbose stack     at emitTwo (events.js:106:13)
208 verbose stack     at ChildProcess.emit (events.js:191:7)
208 verbose stack     at maybeClose (internal/child_process.js:920:16)
208 verbose stack     at Process.ChildProcess._handle.onexit (internal/child_process.js:230:5)
209 verbose pkgid node@11.0.0
210 verbose cwd C:\Users\mg\selenium_project
211 error Windows_NT 10.0.17134
212 error argv "C:\\Program Files\\nodejs\\node.exe" "C:\\Program Files\\nodejs\\node_modules\\npm\\bin\\npm-cli.js" "install" "node"
213 error node v6.11.5
214 error npm  v3.10.10
215 error code ELIFECYCLE
216 error node@11.0.0 preinstall: `node installArchSpecificPackage`
216 error Exit status 1
217 error Failed at the node@11.0.0 preinstall script 'node installArchSpecificPackage'.
217 error Make sure you have the latest version of node.js and npm installed.
217 error If you do, this is most likely a problem with the node package,
217 error not with npm itself.
217 error Tell the author that this fails on your system:
217 error     node installArchSpecificPackage
217 error You can get information on how to open an issue for this project with:
217 error     npm bugs node
217 error Or if that isn't available, you can get their info via:
217 error     npm owner ls node
217 error There is likely additional logging output above.
218 verbose exit [ 1, true ]
